# JRE version: OpenJDK Runtime Environment (8.0_191-b12) (build 1.8.0_191-8u191-b12-2ubuntu0.18.10.1-b12)
# Java VM: OpenJDK 64-Bit Server VM (25.191-b12 mixed mode linux-amd64 compressed oops)
Heap:
 garbage-first heap   total 188416K, used 37888K [0x00000000c0000000, 0x00000000c01005c0, 0x0000000100000000)
  region size 1024K, 15 young (15360K), 14 survivors (14336K)
 Metaspace       used 46215K, capacity 48692K, committed 48972K, reserved 1093632K
  class space    used 4677K, capacity 5404K, committed 5452K, reserved 1048576K
GC Heap History (10 events):
Event: 2.883 GC heap before
{Heap before GC invocations=2 (full 0):
 garbage-first heap   total 188416K, used 46675K [0x00000000c0000000, 0x00000000c01005c0, 0x0000000100000000)
  region size 1024K, 40 young (40960K), 3 survivors (3072K)
 Metaspace       used 19769K, capacity 20622K, committed 20736K, reserved 1067008K
  class space    used 1936K, capacity 2261K, committed 2304K, reserved 1048576K
Event: 2.901 GC heap after
Heap after GC invocations=3 (full 0):
 garbage-first heap   total 188416K, used 18432K [0x00000000c0000000, 0x00000000c01005c0, 0x0000000100000000)
  region size 1024K, 5 young (5120K), 5 survivors (5120K)
 Metaspace       used 19769K, capacity 20622K, committed 20736K, reserved 1067008K
  class space    used 1936K, capacity 2261K, committed 2304K, reserved 1048576K
}
Event: 2.998 GC heap before
{Heap before GC invocations=3 (full 0):
 garbage-first heap   total 188416K, used 22528K [0x00000000c0000000, 0x00000000c01005c0, 0x0000000100000000)
  region size 1024K, 10 young (10240K), 5 survivors (5120K)
 Metaspace       used 20318K, capacity 21144K, committed 21296K, reserved 1069056K
  class space    used 2006K, capacity 2327K, committed 2432K, reserved 1048576K
Event: 3.010 GC heap after
Heap after GC invocations=4 (full 0):
 garbage-first heap   total 188416K, used 19455K [0x00000000c0000000, 0x00000000c01005c0, 0x0000000100000000)
  region size 1024K, 6 young (6144K), 6 survivors (6144K)
 Metaspace       used 20318K, capacity 21144K, committed 21296K, reserved 1069056K
  class space    used 2006K, capacity 2327K, committed 2432K, reserved 1048576K
}
Event: 5.819 GC heap before
{Heap before GC invocations=5 (full 0):
 garbage-first heap   total 188416K, used 117759K [0x00000000c0000000, 0x00000000c01005c0, 0x0000000100000000)
  region size 1024K, 110 young (112640K), 6 survivors (6144K)
 Metaspace       used 33138K, capacity 35262K, committed 35456K, reserved 1081344K
  class space    used 3551K, capacity 4186K, committed 4224K, reserved 1048576K
Event: 5.859 GC heap after
Heap after GC invocations=6 (full 0):
 garbage-first heap   total 188416K, used 32734K [0x00000000c0000000, 0x00000000c01005c0, 0x0000000100000000)
  region size 1024K, 14 young (14336K), 14 survivors (14336K)
 Metaspace       used 33138K, capacity 35262K, committed 35456K, reserved 1081344K
  class space    used 3551K, capacity 4186K, committed 4224K, reserved 1048576K
}
Event: 6.227 GC heap before
{Heap before GC invocations=6 (full 0):
 garbage-first heap   total 188416K, used 57310K [0x00000000c0000000, 0x00000000c01005c0, 0x0000000100000000)
  region size 1024K, 39 young (39936K), 14 survivors (14336K)
 Metaspace       used 33747K, capacity 35794K, committed 35920K, reserved 1081344K
  class space    used 3616K, capacity 4258K, committed 4352K, reserved 1048576K
Event: 6.270 GC heap after
Heap after GC invocations=7 (full 0):
 garbage-first heap   total 188416K, used 36864K [0x00000000c0000000, 0x00000000c01005c0, 0x0000000100000000)
  region size 1024K, 5 young (5120K), 5 survivors (5120K)
 Metaspace       used 33747K, capacity 35794K, committed 35920K, reserved 1081344K
  class space    used 3616K, capacity 4258K, committed 4352K, reserved 1048576K
}
Event: 12.426 GC heap before
{Heap before GC invocations=8 (full 0):
 garbage-first heap   total 188416K, used 132608K [0x00000000c0000000, 0x00000000c01005c0, 0x0000000100000000)
  region size 1024K, 110 young (112640K), 5 survivors (5120K)
 Metaspace       used 46203K, capacity 48628K, committed 48972K, reserved 1093632K
  class space    used 4677K, capacity 5404K, committed 5452K, reserved 1048576K
Event: 12.453 GC heap after
Heap after GC invocations=9 (full 0):
 garbage-first heap   total 188416K, used 37888K [0x00000000c0000000, 0x00000000c01005c0, 0x0000000100000000)
  region size 1024K, 14 young (14336K), 14 survivors (14336K)
 Metaspace       used 46203K, capacity 48628K, committed 48972K, reserved 1093632K
  class space    used 4677K, capacity 5404K, committed 5452K, reserved 1048576K
}

